<?xml version="1.0" encoding="UTF-8"?>
<!-- Generated by org.testng.reporters.JUnitReportReporter -->
<testsuite skipped="0" hostname="Kamini" name="com.nopcommerce.demo.testsuite.LoginPageTest" tests="2" failures="0" timestamp="2023-07-18T10:36:25 BST" time="8.486" errors="0">
  <testcase name="verifyErrorMessageWithInvalidCredentials" time="3.901" classname="com.nopcommerce.demo.testsuite.LoginPageTest"/>
  <system-out>
    <![CDATA[Clicking on Login Link By.linkText: Log in
Enter email prime123@gmail.com to email field By.id: Email
Enter password prime123 to password field By.name: Password
Clicking on Login Button By.xpath: //button[contains(text(),'Log in')]]]>
  </system-out>
  <testcase name="verifyUserShouldNavigateToLoginPageSuccessfully" time="4.585" classname="com.nopcommerce.demo.testsuite.LoginPageTest"/>
  <system-out>
    <![CDATA[Clicking on Login Link By.linkText: Log in
Getting Welcome Text ]]>
  </system-out>
</testsuite> <!-- com.nopcommerce.demo.testsuite.LoginPageTest -->
