<?xml version="1.0" encoding="UTF-8"?>
<!-- Generated by org.testng.reporters.JUnitReportReporter -->
<testsuite skipped="0" hostname="Kamini" name="com.nopcommerce.demo.testng.TestNGDemo" tests="2" failures="0" timestamp="2023-07-18T10:36:25 BST" time="0.002" errors="0">
  <testcase name="test1" time="0.001" classname="com.nopcommerce.demo.testng.TestNGDemo"/>
  <system-out/>
  <testcase name="test2" time="0.001" classname="com.nopcommerce.demo.testng.TestNGDemo"/>
  <system-out/>
</testsuite> <!-- com.nopcommerce.demo.testng.TestNGDemo -->
