<?xml version="1.0" encoding="UTF-8"?>
<!-- Generated by org.testng.reporters.JUnitReportReporter -->
<testsuite skipped="0" hostname="Kamini" name="com.nopcommerce.demo.testng.TestNGGrouping" tests="7" failures="0" timestamp="2023-07-18T10:36:25 BST" time="0.002" errors="0">
  <testcase name="loginTest4" time="0.000" classname="com.nopcommerce.demo.testng.TestNGGrouping"/>
  <system-out/>
  <testcase name="loginTest1" time="0.000" classname="com.nopcommerce.demo.testng.TestNGGrouping"/>
  <system-out/>
  <testcase name="regressionTest2" time="0.000" classname="com.nopcommerce.demo.testng.TestNGGrouping"/>
  <system-out/>
  <testcase name="regressionTest1" time="0.001" classname="com.nopcommerce.demo.testng.TestNGGrouping"/>
  <system-out/>
  <testcase name="loginTest3" time="0.000" classname="com.nopcommerce.demo.testng.TestNGGrouping"/>
  <system-out/>
  <testcase name="regressionTest3" time="0.000" classname="com.nopcommerce.demo.testng.TestNGGrouping"/>
  <system-out/>
  <testcase name="loginTest2" time="0.001" classname="com.nopcommerce.demo.testng.TestNGGrouping"/>
  <system-out/>
</testsuite> <!-- com.nopcommerce.demo.testng.TestNGGrouping -->
